<?xml version="1.0" encoding="UTF-8"?>
<!-- Generated by org.testng.reporters.JUnitReportReporter -->
<testsuite skipped="0" hostname="DESKTOP-5GBS83J" name="framework.AppiumProject.Demo" tests="4" failures="0" timestamp="2021-02-09T16:22:53 IST" time="51.453" errors="0">
  <testcase name="testcase1" time="0.243" classname="framework.AppiumProject.Demo"/>
  <system-out/>
  <testcase name="testcases2" time="39.604" classname="framework.AppiumProject.Demo"/>
  <system-out/>
  <testcase name="testcase3" time="5.961" classname="framework.AppiumProject.Demo"/>
  <system-out/>
  <testcase name="testcase4" time="5.645" classname="framework.AppiumProject.Demo"/>
  <system-out/>
</testsuite> <!-- framework.AppiumProject.Demo -->
